2022-07-21 11:30:31,537 INFO [restartedMain] c.n.c.CommunityApplication [StartupInfoLogger.java:55] Starting CommunityApplication using Java 1.8.0_291 on DESKTOP-KL5R4C4 with PID 2924 (C:\Users\Jieshi\Desktop\nowcoder\community\target\classes started by Jieshi in C:\Users\Jieshi\Desktop\nowcoder\community)
2022-07-21 11:30:31,541 INFO [restartedMain] c.n.c.CommunityApplication [SpringApplication.java:634] No active profile set, falling back to 1 default profile: "default"
2022-07-21 11:30:31,697 INFO [restartedMain] o.s.b.d.e.DevToolsPropertyDefaultsPostProcessor [DeferredLog.java:255] Devtools property defaults active! Set 'spring.devtools.add-properties' to 'false' to disable
2022-07-21 11:30:31,699 INFO [restartedMain] o.s.b.d.e.DevToolsPropertyDefaultsPostProcessor [DeferredLog.java:255] For additional web related logging consider setting the 'logging.level.web' property to 'DEBUG'
2022-07-21 11:30:34,537 INFO [restartedMain] o.s.b.w.e.t.TomcatWebServer [TomcatWebServer.java:108] Tomcat initialized with port(s): 8080 (http)
2022-07-21 11:30:34,568 INFO [restartedMain] o.a.c.h.Http11NioProtocol [DirectJDKLog.java:173] Initializing ProtocolHandler ["http-nio-8080"]
2022-07-21 11:30:34,573 INFO [restartedMain] o.a.c.c.StandardService [DirectJDKLog.java:173] Starting service [Tomcat]
2022-07-21 11:30:34,574 INFO [restartedMain] o.a.c.c.StandardEngine [DirectJDKLog.java:173] Starting Servlet engine: [Apache Tomcat/9.0.64]
2022-07-21 11:30:35,240 INFO [restartedMain] o.a.c.c.C.[.[.[/community] [DirectJDKLog.java:173] Initializing Spring embedded WebApplicationContext
2022-07-21 11:30:35,241 INFO [restartedMain] o.s.b.w.s.c.ServletWebServerApplicationContext [ServletWebServerApplicationContext.java:292] Root WebApplicationContext: initialization completed in 3540 ms
2022-07-21 11:30:37,175 INFO [restartedMain] o.s.b.a.w.s.WelcomePageHandlerMapping [WelcomePageHandlerMapping.java:57] Adding welcome page template: index
2022-07-21 11:30:37,639 INFO [restartedMain] o.s.b.d.a.OptionalLiveReloadServer [OptionalLiveReloadServer.java:58] LiveReload server is running on port 35729
2022-07-21 11:30:37,674 INFO [restartedMain] o.a.c.h.Http11NioProtocol [DirectJDKLog.java:173] Starting ProtocolHandler ["http-nio-8080"]
2022-07-21 11:30:37,705 INFO [restartedMain] o.s.b.w.e.t.TomcatWebServer [TomcatWebServer.java:220] Tomcat started on port(s): 8080 (http) with context path '/community'
2022-07-21 11:30:37,723 INFO [restartedMain] c.n.c.CommunityApplication [StartupInfoLogger.java:61] Started CommunityApplication in 7.818 seconds (JVM running for 11.37)
2022-07-21 11:30:43,546 INFO [http-nio-8080-exec-2] o.a.c.c.C.[.[.[/community] [DirectJDKLog.java:173] Initializing Spring DispatcherServlet 'dispatcherServlet'
2022-07-21 11:30:43,547 INFO [http-nio-8080-exec-2] o.s.w.s.DispatcherServlet [FrameworkServlet.java:525] Initializing Servlet 'dispatcherServlet'
2022-07-21 11:30:43,551 INFO [http-nio-8080-exec-2] o.s.w.s.DispatcherServlet [FrameworkServlet.java:547] Completed initialization in 3 ms
2022-07-21 11:30:43,757 INFO [http-nio-8080-exec-2] c.z.h.HikariDataSource [HikariDataSource.java:110] HikariPool-1 - Starting...
2022-07-21 11:30:44,048 INFO [http-nio-8080-exec-2] c.z.h.HikariDataSource [HikariDataSource.java:123] HikariPool-1 - Start completed.
2022-07-21 13:00:44,559 INFO [Thread-19] c.z.h.HikariDataSource [HikariDataSource.java:350] HikariPool-1 - Shutdown initiated...
2022-07-21 13:00:44,583 INFO [Thread-19] c.z.h.HikariDataSource [HikariDataSource.java:352] HikariPool-1 - Shutdown completed.
2022-07-21 13:00:45,154 INFO [restartedMain] c.n.c.CommunityApplication [StartupInfoLogger.java:55] Starting CommunityApplication using Java 1.8.0_291 on DESKTOP-KL5R4C4 with PID 2924 (C:\Users\Jieshi\Desktop\nowcoder\community\target\classes started by Jieshi in C:\Users\Jieshi\Desktop\nowcoder\community)
2022-07-21 13:00:45,154 INFO [restartedMain] c.n.c.CommunityApplication [SpringApplication.java:634] No active profile set, falling back to 1 default profile: "default"
2022-07-21 13:00:46,196 INFO [restartedMain] o.s.b.w.e.t.TomcatWebServer [TomcatWebServer.java:108] Tomcat initialized with port(s): 8080 (http)
2022-07-21 13:00:46,198 INFO [restartedMain] o.a.c.h.Http11NioProtocol [DirectJDKLog.java:173] Initializing ProtocolHandler ["http-nio-8080"]
2022-07-21 13:00:46,199 INFO [restartedMain] o.a.c.c.StandardService [DirectJDKLog.java:173] Starting service [Tomcat]
2022-07-21 13:00:46,200 INFO [restartedMain] o.a.c.c.StandardEngine [DirectJDKLog.java:173] Starting Servlet engine: [Apache Tomcat/9.0.64]
2022-07-21 13:00:46,338 INFO [restartedMain] o.a.c.c.C.[.[.[/community] [DirectJDKLog.java:173] Initializing Spring embedded WebApplicationContext
2022-07-21 13:00:46,338 INFO [restartedMain] o.s.b.w.s.c.ServletWebServerApplicationContext [ServletWebServerApplicationContext.java:292] Root WebApplicationContext: initialization completed in 1166 ms
2022-07-21 13:00:47,065 INFO [restartedMain] o.s.b.a.w.s.WelcomePageHandlerMapping [WelcomePageHandlerMapping.java:57] Adding welcome page template: index
2022-07-21 13:00:47,627 INFO [restartedMain] o.a.c.c.StandardService [DirectJDKLog.java:173] Stopping service [Tomcat]
2022-07-21 13:00:47,907 INFO [restartedMain] o.s.b.a.l.ConditionEvaluationReportLoggingListener [ConditionEvaluationReportLoggingListener.java:136] 

Error starting ApplicationContext. To display the conditions report re-run your application with 'debug' enabled.
2022-07-21 13:00:50,157 INFO [restartedMain] c.n.c.CommunityApplication [StartupInfoLogger.java:55] Starting CommunityApplication using Java 1.8.0_291 on DESKTOP-KL5R4C4 with PID 2924 (C:\Users\Jieshi\Desktop\nowcoder\community\target\classes started by Jieshi in C:\Users\Jieshi\Desktop\nowcoder\community)
2022-07-21 13:00:50,161 INFO [restartedMain] c.n.c.CommunityApplication [SpringApplication.java:634] No active profile set, falling back to 1 default profile: "default"
2022-07-21 13:00:52,549 INFO [restartedMain] o.s.b.w.e.t.TomcatWebServer [TomcatWebServer.java:108] Tomcat initialized with port(s): 8080 (http)
2022-07-21 13:00:52,553 INFO [restartedMain] o.a.c.h.Http11NioProtocol [DirectJDKLog.java:173] Initializing ProtocolHandler ["http-nio-8080"]
2022-07-21 13:00:52,554 INFO [restartedMain] o.a.c.c.StandardService [DirectJDKLog.java:173] Starting service [Tomcat]
2022-07-21 13:00:52,555 INFO [restartedMain] o.a.c.c.StandardEngine [DirectJDKLog.java:173] Starting Servlet engine: [Apache Tomcat/9.0.64]
2022-07-21 13:00:52,650 INFO [restartedMain] o.a.c.c.C.[.[.[/community] [DirectJDKLog.java:173] Initializing Spring embedded WebApplicationContext
2022-07-21 13:00:52,651 INFO [restartedMain] o.s.b.w.s.c.ServletWebServerApplicationContext [ServletWebServerApplicationContext.java:292] Root WebApplicationContext: initialization completed in 2483 ms
2022-07-21 13:00:52,918 INFO [restartedMain] o.s.b.a.w.s.WelcomePageHandlerMapping [WelcomePageHandlerMapping.java:57] Adding welcome page template: index
2022-07-21 13:00:53,272 INFO [restartedMain] o.s.b.d.a.OptionalLiveReloadServer [OptionalLiveReloadServer.java:58] LiveReload server is running on port 35729
2022-07-21 13:00:53,310 INFO [restartedMain] o.a.c.h.Http11NioProtocol [DirectJDKLog.java:173] Starting ProtocolHandler ["http-nio-8080"]
2022-07-21 13:00:53,317 INFO [restartedMain] o.s.b.w.e.t.TomcatWebServer [TomcatWebServer.java:220] Tomcat started on port(s): 8080 (http) with context path '/community'
2022-07-21 13:00:53,328 INFO [restartedMain] c.n.c.CommunityApplication [StartupInfoLogger.java:61] Started CommunityApplication in 3.399 seconds (JVM running for 5426.975)
2022-07-21 13:00:53,332 INFO [restartedMain] o.s.b.d.a.ConditionEvaluationDeltaLoggingListener [ConditionEvaluationDeltaLoggingListener.java:63] Condition evaluation unchanged
2022-07-21 13:01:05,982 INFO [main] c.n.c.MailTests [StartupInfoLogger.java:55] Starting MailTests using Java 1.8.0_291 on DESKTOP-KL5R4C4 with PID 5620 (started by Jieshi in C:\Users\Jieshi\Desktop\nowcoder\community)
2022-07-21 13:01:05,994 INFO [main] c.n.c.MailTests [SpringApplication.java:634] No active profile set, falling back to 1 default profile: "default"
2022-07-21 13:01:15,567 INFO [main] o.s.b.a.w.s.WelcomePageHandlerMapping [WelcomePageHandlerMapping.java:57] Adding welcome page template: index
2022-07-21 13:01:17,677 INFO [main] c.n.c.MailTests [StartupInfoLogger.java:61] Started MailTests in 14.851 seconds (JVM running for 19.539)
2022-07-21 13:04:31,337 INFO [restartedMain] c.n.c.CommunityApplication [StartupInfoLogger.java:55] Starting CommunityApplication using Java 1.8.0_291 on DESKTOP-KL5R4C4 with PID 2924 (C:\Users\Jieshi\Desktop\nowcoder\community\target\classes started by Jieshi in C:\Users\Jieshi\Desktop\nowcoder\community)
2022-07-21 13:04:31,338 INFO [restartedMain] c.n.c.CommunityApplication [SpringApplication.java:634] No active profile set, falling back to 1 default profile: "default"
2022-07-21 13:04:32,601 INFO [restartedMain] o.s.b.w.e.t.TomcatWebServer [TomcatWebServer.java:108] Tomcat initialized with port(s): 8080 (http)
2022-07-21 13:04:32,604 INFO [restartedMain] o.a.c.h.Http11NioProtocol [DirectJDKLog.java:173] Initializing ProtocolHandler ["http-nio-8080"]
2022-07-21 13:04:32,606 INFO [restartedMain] o.a.c.c.StandardService [DirectJDKLog.java:173] Starting service [Tomcat]
2022-07-21 13:04:32,607 INFO [restartedMain] o.a.c.c.StandardEngine [DirectJDKLog.java:173] Starting Servlet engine: [Apache Tomcat/9.0.64]
2022-07-21 13:04:32,706 INFO [restartedMain] o.a.c.c.C.[.[.[/community] [DirectJDKLog.java:173] Initializing Spring embedded WebApplicationContext
2022-07-21 13:04:32,707 INFO [restartedMain] o.s.b.w.s.c.ServletWebServerApplicationContext [ServletWebServerApplicationContext.java:292] Root WebApplicationContext: initialization completed in 1356 ms
2022-07-21 13:04:32,938 INFO [restartedMain] o.a.c.c.StandardService [DirectJDKLog.java:173] Stopping service [Tomcat]
2022-07-21 13:04:32,953 INFO [restartedMain] o.s.b.a.l.ConditionEvaluationReportLoggingListener [ConditionEvaluationReportLoggingListener.java:136] 

Error starting ApplicationContext. To display the conditions report re-run your application with 'debug' enabled.
2022-07-21 13:04:36,227 INFO [main] c.n.c.MailTests [StartupInfoLogger.java:55] Starting MailTests using Java 1.8.0_291 on DESKTOP-KL5R4C4 with PID 5836 (started by Jieshi in C:\Users\Jieshi\Desktop\nowcoder\community)
2022-07-21 13:04:36,233 INFO [main] c.n.c.MailTests [SpringApplication.java:634] No active profile set, falling back to 1 default profile: "default"
2022-07-21 13:04:43,548 INFO [main] o.s.b.a.w.s.WelcomePageHandlerMapping [WelcomePageHandlerMapping.java:57] Adding welcome page template: index
2022-07-21 13:04:45,056 INFO [main] c.n.c.MailTests [StartupInfoLogger.java:61] Started MailTests in 10.796 seconds (JVM running for 15.45)
2022-07-21 13:05:06,142 INFO [restartedMain] c.n.c.CommunityApplication [StartupInfoLogger.java:55] Starting CommunityApplication using Java 1.8.0_291 on DESKTOP-KL5R4C4 with PID 2924 (C:\Users\Jieshi\Desktop\nowcoder\community\target\classes started by Jieshi in C:\Users\Jieshi\Desktop\nowcoder\community)
2022-07-21 13:05:06,143 INFO [restartedMain] c.n.c.CommunityApplication [SpringApplication.java:634] No active profile set, falling back to 1 default profile: "default"
2022-07-21 13:05:07,364 INFO [restartedMain] o.s.b.w.e.t.TomcatWebServer [TomcatWebServer.java:108] Tomcat initialized with port(s): 8080 (http)
2022-07-21 13:05:07,366 INFO [restartedMain] o.a.c.h.Http11NioProtocol [DirectJDKLog.java:173] Initializing ProtocolHandler ["http-nio-8080"]
2022-07-21 13:05:07,367 INFO [restartedMain] o.a.c.c.StandardService [DirectJDKLog.java:173] Starting service [Tomcat]
2022-07-21 13:05:07,368 INFO [restartedMain] o.a.c.c.StandardEngine [DirectJDKLog.java:173] Starting Servlet engine: [Apache Tomcat/9.0.64]
2022-07-21 13:05:07,449 INFO [restartedMain] o.a.c.c.C.[.[.[/community] [DirectJDKLog.java:173] Initializing Spring embedded WebApplicationContext
2022-07-21 13:05:07,449 INFO [restartedMain] o.s.b.w.s.c.ServletWebServerApplicationContext [ServletWebServerApplicationContext.java:292] Root WebApplicationContext: initialization completed in 1299 ms
2022-07-21 13:05:07,649 INFO [restartedMain] o.a.c.c.StandardService [DirectJDKLog.java:173] Stopping service [Tomcat]
2022-07-21 13:05:07,664 INFO [restartedMain] o.s.b.a.l.ConditionEvaluationReportLoggingListener [ConditionEvaluationReportLoggingListener.java:136] 

Error starting ApplicationContext. To display the conditions report re-run your application with 'debug' enabled.
2022-07-21 13:05:12,675 INFO [main] c.n.c.MailTests [StartupInfoLogger.java:55] Starting MailTests using Java 1.8.0_291 on DESKTOP-KL5R4C4 with PID 3264 (started by Jieshi in C:\Users\Jieshi\Desktop\nowcoder\community)
2022-07-21 13:05:12,681 INFO [main] c.n.c.MailTests [SpringApplication.java:634] No active profile set, falling back to 1 default profile: "default"
2022-07-21 13:05:18,510 INFO [main] o.s.b.a.w.s.WelcomePageHandlerMapping [WelcomePageHandlerMapping.java:57] Adding welcome page template: index
2022-07-21 13:05:20,212 INFO [main] c.n.c.MailTests [StartupInfoLogger.java:61] Started MailTests in 9.439 seconds (JVM running for 13.119)
2022-07-21 13:10:20,264 INFO [restartedMain] c.n.c.CommunityApplication [StartupInfoLogger.java:55] Starting CommunityApplication using Java 1.8.0_291 on DESKTOP-KL5R4C4 with PID 2924 (C:\Users\Jieshi\Desktop\nowcoder\community\target\classes started by Jieshi in C:\Users\Jieshi\Desktop\nowcoder\community)
2022-07-21 13:10:20,265 INFO [restartedMain] c.n.c.CommunityApplication [SpringApplication.java:634] No active profile set, falling back to 1 default profile: "default"
2022-07-21 13:10:21,623 INFO [restartedMain] o.s.b.w.e.t.TomcatWebServer [TomcatWebServer.java:108] Tomcat initialized with port(s): 8080 (http)
2022-07-21 13:10:21,629 INFO [restartedMain] o.a.c.h.Http11NioProtocol [DirectJDKLog.java:173] Initializing ProtocolHandler ["http-nio-8080"]
2022-07-21 13:10:21,634 INFO [restartedMain] o.a.c.c.StandardService [DirectJDKLog.java:173] Starting service [Tomcat]
2022-07-21 13:10:21,634 INFO [restartedMain] o.a.c.c.StandardEngine [DirectJDKLog.java:173] Starting Servlet engine: [Apache Tomcat/9.0.64]
2022-07-21 13:10:21,705 INFO [restartedMain] o.a.c.c.C.[.[.[/community] [DirectJDKLog.java:173] Initializing Spring embedded WebApplicationContext
2022-07-21 13:10:21,707 INFO [restartedMain] o.s.b.w.s.c.ServletWebServerApplicationContext [ServletWebServerApplicationContext.java:292] Root WebApplicationContext: initialization completed in 1425 ms
2022-07-21 13:10:22,002 INFO [restartedMain] o.a.c.c.StandardService [DirectJDKLog.java:173] Stopping service [Tomcat]
2022-07-21 13:10:22,035 INFO [restartedMain] o.s.b.a.l.ConditionEvaluationReportLoggingListener [ConditionEvaluationReportLoggingListener.java:136] 

Error starting ApplicationContext. To display the conditions report re-run your application with 'debug' enabled.
2022-07-21 13:10:28,430 INFO [main] c.n.c.MailTests [StartupInfoLogger.java:55] Starting MailTests using Java 1.8.0_291 on DESKTOP-KL5R4C4 with PID 4608 (started by Jieshi in C:\Users\Jieshi\Desktop\nowcoder\community)
2022-07-21 13:10:28,436 INFO [main] c.n.c.MailTests [SpringApplication.java:634] No active profile set, falling back to 1 default profile: "default"
2022-07-21 13:10:34,697 INFO [main] o.s.b.a.w.s.WelcomePageHandlerMapping [WelcomePageHandlerMapping.java:57] Adding welcome page template: index
2022-07-21 13:10:36,546 INFO [main] c.n.c.MailTests [StartupInfoLogger.java:61] Started MailTests in 10.438 seconds (JVM running for 14.347)
2022-07-21 13:11:17,603 INFO [restartedMain] c.n.c.CommunityApplication [StartupInfoLogger.java:55] Starting CommunityApplication using Java 1.8.0_291 on DESKTOP-KL5R4C4 with PID 2924 (C:\Users\Jieshi\Desktop\nowcoder\community\target\classes started by Jieshi in C:\Users\Jieshi\Desktop\nowcoder\community)
2022-07-21 13:11:17,604 INFO [restartedMain] c.n.c.CommunityApplication [SpringApplication.java:634] No active profile set, falling back to 1 default profile: "default"
2022-07-21 13:11:19,351 INFO [restartedMain] o.s.b.w.e.t.TomcatWebServer [TomcatWebServer.java:108] Tomcat initialized with port(s): 8080 (http)
2022-07-21 13:11:19,352 INFO [restartedMain] o.a.c.h.Http11NioProtocol [DirectJDKLog.java:173] Initializing ProtocolHandler ["http-nio-8080"]
2022-07-21 13:11:19,353 INFO [restartedMain] o.a.c.c.StandardService [DirectJDKLog.java:173] Starting service [Tomcat]
2022-07-21 13:11:19,354 INFO [restartedMain] o.a.c.c.StandardEngine [DirectJDKLog.java:173] Starting Servlet engine: [Apache Tomcat/9.0.64]
2022-07-21 13:11:19,448 INFO [restartedMain] o.a.c.c.C.[.[.[/community] [DirectJDKLog.java:173] Initializing Spring embedded WebApplicationContext
2022-07-21 13:11:19,449 INFO [restartedMain] o.s.b.w.s.c.ServletWebServerApplicationContext [ServletWebServerApplicationContext.java:292] Root WebApplicationContext: initialization completed in 1832 ms
2022-07-21 13:11:19,751 INFO [restartedMain] o.a.c.c.StandardService [DirectJDKLog.java:173] Stopping service [Tomcat]
2022-07-21 13:11:19,778 INFO [restartedMain] o.s.b.a.l.ConditionEvaluationReportLoggingListener [ConditionEvaluationReportLoggingListener.java:136] 

Error starting ApplicationContext. To display the conditions report re-run your application with 'debug' enabled.
2022-07-21 13:11:24,313 INFO [main] c.n.c.MailTests [StartupInfoLogger.java:55] Starting MailTests using Java 1.8.0_291 on DESKTOP-KL5R4C4 with PID 3588 (started by Jieshi in C:\Users\Jieshi\Desktop\nowcoder\community)
2022-07-21 13:11:24,316 INFO [main] c.n.c.MailTests [SpringApplication.java:634] No active profile set, falling back to 1 default profile: "default"
2022-07-21 13:11:30,791 INFO [main] o.s.b.a.w.s.WelcomePageHandlerMapping [WelcomePageHandlerMapping.java:57] Adding welcome page template: index
2022-07-21 13:11:32,359 INFO [main] c.n.c.MailTests [StartupInfoLogger.java:61] Started MailTests in 10.0 seconds (JVM running for 14.335)
2022-07-21 13:12:07,079 INFO [restartedMain] c.n.c.CommunityApplication [StartupInfoLogger.java:55] Starting CommunityApplication using Java 1.8.0_291 on DESKTOP-KL5R4C4 with PID 2924 (C:\Users\Jieshi\Desktop\nowcoder\community\target\classes started by Jieshi in C:\Users\Jieshi\Desktop\nowcoder\community)
2022-07-21 13:12:07,080 INFO [restartedMain] c.n.c.CommunityApplication [SpringApplication.java:634] No active profile set, falling back to 1 default profile: "default"
2022-07-21 13:12:08,458 INFO [restartedMain] o.s.b.w.e.t.TomcatWebServer [TomcatWebServer.java:108] Tomcat initialized with port(s): 8080 (http)
2022-07-21 13:12:08,459 INFO [restartedMain] o.a.c.h.Http11NioProtocol [DirectJDKLog.java:173] Initializing ProtocolHandler ["http-nio-8080"]
2022-07-21 13:12:08,460 INFO [restartedMain] o.a.c.c.StandardService [DirectJDKLog.java:173] Starting service [Tomcat]
2022-07-21 13:12:08,461 INFO [restartedMain] o.a.c.c.StandardEngine [DirectJDKLog.java:173] Starting Servlet engine: [Apache Tomcat/9.0.64]
2022-07-21 13:12:08,555 INFO [restartedMain] o.a.c.c.C.[.[.[/community] [DirectJDKLog.java:173] Initializing Spring embedded WebApplicationContext
2022-07-21 13:12:08,556 INFO [restartedMain] o.s.b.w.s.c.ServletWebServerApplicationContext [ServletWebServerApplicationContext.java:292] Root WebApplicationContext: initialization completed in 1466 ms
2022-07-21 13:12:08,805 INFO [restartedMain] o.a.c.c.StandardService [DirectJDKLog.java:173] Stopping service [Tomcat]
2022-07-21 13:12:08,823 INFO [restartedMain] o.s.b.a.l.ConditionEvaluationReportLoggingListener [ConditionEvaluationReportLoggingListener.java:136] 

Error starting ApplicationContext. To display the conditions report re-run your application with 'debug' enabled.
2022-07-21 13:12:15,678 INFO [main] c.n.c.MailTests [StartupInfoLogger.java:55] Starting MailTests using Java 1.8.0_291 on DESKTOP-KL5R4C4 with PID 6828 (started by Jieshi in C:\Users\Jieshi\Desktop\nowcoder\community)
2022-07-21 13:12:15,684 INFO [main] c.n.c.MailTests [SpringApplication.java:634] No active profile set, falling back to 1 default profile: "default"
2022-07-21 13:12:26,046 INFO [main] o.s.b.a.w.s.WelcomePageHandlerMapping [WelcomePageHandlerMapping.java:57] Adding welcome page template: index
2022-07-21 13:12:28,225 INFO [main] c.n.c.MailTests [StartupInfoLogger.java:61] Started MailTests in 15.335 seconds (JVM running for 20.053)
2022-07-21 13:13:43,346 INFO [restartedMain] c.n.c.CommunityApplication [StartupInfoLogger.java:55] Starting CommunityApplication using Java 1.8.0_291 on DESKTOP-KL5R4C4 with PID 2924 (C:\Users\Jieshi\Desktop\nowcoder\community\target\classes started by Jieshi in C:\Users\Jieshi\Desktop\nowcoder\community)
2022-07-21 13:13:43,347 INFO [restartedMain] c.n.c.CommunityApplication [SpringApplication.java:634] No active profile set, falling back to 1 default profile: "default"
2022-07-21 13:13:44,387 INFO [restartedMain] o.s.b.w.e.t.TomcatWebServer [TomcatWebServer.java:108] Tomcat initialized with port(s): 8080 (http)
2022-07-21 13:13:44,389 INFO [restartedMain] o.a.c.h.Http11NioProtocol [DirectJDKLog.java:173] Initializing ProtocolHandler ["http-nio-8080"]
2022-07-21 13:13:44,389 INFO [restartedMain] o.a.c.c.StandardService [DirectJDKLog.java:173] Starting service [Tomcat]
2022-07-21 13:13:44,389 INFO [restartedMain] o.a.c.c.StandardEngine [DirectJDKLog.java:173] Starting Servlet engine: [Apache Tomcat/9.0.64]
2022-07-21 13:13:44,436 INFO [restartedMain] o.a.c.c.C.[.[.[/community] [DirectJDKLog.java:173] Initializing Spring embedded WebApplicationContext
2022-07-21 13:13:44,437 INFO [restartedMain] o.s.b.w.s.c.ServletWebServerApplicationContext [ServletWebServerApplicationContext.java:292] Root WebApplicationContext: initialization completed in 1082 ms
2022-07-21 13:13:44,534 INFO [restartedMain] o.a.c.c.StandardService [DirectJDKLog.java:173] Stopping service [Tomcat]
2022-07-21 13:13:44,543 INFO [restartedMain] o.s.b.a.l.ConditionEvaluationReportLoggingListener [ConditionEvaluationReportLoggingListener.java:136] 

Error starting ApplicationContext. To display the conditions report re-run your application with 'debug' enabled.
2022-07-21 13:13:52,289 INFO [main] c.n.c.MailTests [StartupInfoLogger.java:55] Starting MailTests using Java 1.8.0_291 on DESKTOP-KL5R4C4 with PID 9376 (started by Jieshi in C:\Users\Jieshi\Desktop\nowcoder\community)
2022-07-21 13:13:52,295 INFO [main] c.n.c.MailTests [SpringApplication.java:634] No active profile set, falling back to 1 default profile: "default"
2022-07-21 13:13:59,268 INFO [main] o.s.b.a.w.s.WelcomePageHandlerMapping [WelcomePageHandlerMapping.java:57] Adding welcome page template: index
2022-07-21 13:14:00,946 INFO [main] c.n.c.MailTests [StartupInfoLogger.java:61] Started MailTests in 11.065 seconds (JVM running for 15.326)
2022-07-21 13:14:16,203 INFO [restartedMain] c.n.c.CommunityApplication [StartupInfoLogger.java:55] Starting CommunityApplication using Java 1.8.0_291 on DESKTOP-KL5R4C4 with PID 2924 (C:\Users\Jieshi\Desktop\nowcoder\community\target\classes started by Jieshi in C:\Users\Jieshi\Desktop\nowcoder\community)
2022-07-21 13:14:16,204 INFO [restartedMain] c.n.c.CommunityApplication [SpringApplication.java:634] No active profile set, falling back to 1 default profile: "default"
2022-07-21 13:14:17,691 INFO [restartedMain] o.s.b.w.e.t.TomcatWebServer [TomcatWebServer.java:108] Tomcat initialized with port(s): 8080 (http)
2022-07-21 13:14:17,692 INFO [restartedMain] o.a.c.h.Http11NioProtocol [DirectJDKLog.java:173] Initializing ProtocolHandler ["http-nio-8080"]
2022-07-21 13:14:17,693 INFO [restartedMain] o.a.c.c.StandardService [DirectJDKLog.java:173] Starting service [Tomcat]
2022-07-21 13:14:17,694 INFO [restartedMain] o.a.c.c.StandardEngine [DirectJDKLog.java:173] Starting Servlet engine: [Apache Tomcat/9.0.64]
2022-07-21 13:14:17,781 INFO [restartedMain] o.a.c.c.C.[.[.[/community] [DirectJDKLog.java:173] Initializing Spring embedded WebApplicationContext
2022-07-21 13:14:17,782 INFO [restartedMain] o.s.b.w.s.c.ServletWebServerApplicationContext [ServletWebServerApplicationContext.java:292] Root WebApplicationContext: initialization completed in 1570 ms
2022-07-21 13:14:18,157 INFO [restartedMain] o.a.c.c.StandardService [DirectJDKLog.java:173] Stopping service [Tomcat]
2022-07-21 13:14:18,167 INFO [restartedMain] o.s.b.a.l.ConditionEvaluationReportLoggingListener [ConditionEvaluationReportLoggingListener.java:136] 

Error starting ApplicationContext. To display the conditions report re-run your application with 'debug' enabled.
2022-07-21 13:14:24,972 INFO [main] c.n.c.MailTests [StartupInfoLogger.java:55] Starting MailTests using Java 1.8.0_291 on DESKTOP-KL5R4C4 with PID 8276 (started by Jieshi in C:\Users\Jieshi\Desktop\nowcoder\community)
2022-07-21 13:14:25,063 INFO [main] c.n.c.MailTests [SpringApplication.java:634] No active profile set, falling back to 1 default profile: "default"
2022-07-21 13:14:34,202 INFO [main] o.s.b.a.w.s.WelcomePageHandlerMapping [WelcomePageHandlerMapping.java:57] Adding welcome page template: index
2022-07-21 13:14:36,291 INFO [main] c.n.c.MailTests [StartupInfoLogger.java:61] Started MailTests in 14.028 seconds (JVM running for 18.743)
2022-07-21 13:16:08,469 INFO [restartedMain] c.n.c.CommunityApplication [StartupInfoLogger.java:55] Starting CommunityApplication using Java 1.8.0_291 on DESKTOP-KL5R4C4 with PID 2924 (C:\Users\Jieshi\Desktop\nowcoder\community\target\classes started by Jieshi in C:\Users\Jieshi\Desktop\nowcoder\community)
2022-07-21 13:16:08,470 INFO [restartedMain] c.n.c.CommunityApplication [SpringApplication.java:634] No active profile set, falling back to 1 default profile: "default"
2022-07-21 13:16:10,476 INFO [restartedMain] o.s.b.w.e.t.TomcatWebServer [TomcatWebServer.java:108] Tomcat initialized with port(s): 8080 (http)
2022-07-21 13:16:10,477 INFO [restartedMain] o.a.c.h.Http11NioProtocol [DirectJDKLog.java:173] Initializing ProtocolHandler ["http-nio-8080"]
2022-07-21 13:16:10,479 INFO [restartedMain] o.a.c.c.StandardService [DirectJDKLog.java:173] Starting service [Tomcat]
2022-07-21 13:16:10,479 INFO [restartedMain] o.a.c.c.StandardEngine [DirectJDKLog.java:173] Starting Servlet engine: [Apache Tomcat/9.0.64]
2022-07-21 13:16:10,637 INFO [restartedMain] o.a.c.c.C.[.[.[/community] [DirectJDKLog.java:173] Initializing Spring embedded WebApplicationContext
2022-07-21 13:16:10,647 INFO [restartedMain] o.s.b.w.s.c.ServletWebServerApplicationContext [ServletWebServerApplicationContext.java:292] Root WebApplicationContext: initialization completed in 2169 ms
2022-07-21 13:16:10,848 INFO [restartedMain] o.a.c.c.StandardService [DirectJDKLog.java:173] Stopping service [Tomcat]
2022-07-21 13:16:10,863 INFO [restartedMain] o.s.b.a.l.ConditionEvaluationReportLoggingListener [ConditionEvaluationReportLoggingListener.java:136] 

Error starting ApplicationContext. To display the conditions report re-run your application with 'debug' enabled.
2022-07-21 13:16:17,416 INFO [main] c.n.c.MailTests [StartupInfoLogger.java:55] Starting MailTests using Java 1.8.0_291 on DESKTOP-KL5R4C4 with PID 5628 (started by Jieshi in C:\Users\Jieshi\Desktop\nowcoder\community)
2022-07-21 13:16:17,422 INFO [main] c.n.c.MailTests [SpringApplication.java:634] No active profile set, falling back to 1 default profile: "default"
2022-07-21 13:16:24,268 INFO [main] o.s.b.a.w.s.WelcomePageHandlerMapping [WelcomePageHandlerMapping.java:57] Adding welcome page template: index
2022-07-21 13:16:26,266 INFO [main] c.n.c.MailTests [StartupInfoLogger.java:61] Started MailTests in 11.05 seconds (JVM running for 15.59)
2022-07-21 14:02:57,721 INFO [restartedMain] c.n.c.CommunityApplication [StartupInfoLogger.java:55] Starting CommunityApplication using Java 1.8.0_291 on DESKTOP-KL5R4C4 with PID 2924 (C:\Users\Jieshi\Desktop\nowcoder\community\target\classes started by Jieshi in C:\Users\Jieshi\Desktop\nowcoder\community)
2022-07-21 14:02:57,722 INFO [restartedMain] c.n.c.CommunityApplication [SpringApplication.java:634] No active profile set, falling back to 1 default profile: "default"
2022-07-21 14:02:59,398 INFO [restartedMain] o.s.b.w.e.t.TomcatWebServer [TomcatWebServer.java:108] Tomcat initialized with port(s): 8080 (http)
2022-07-21 14:02:59,399 INFO [restartedMain] o.a.c.h.Http11NioProtocol [DirectJDKLog.java:173] Initializing ProtocolHandler ["http-nio-8080"]
2022-07-21 14:02:59,400 INFO [restartedMain] o.a.c.c.StandardService [DirectJDKLog.java:173] Starting service [Tomcat]
2022-07-21 14:02:59,401 INFO [restartedMain] o.a.c.c.StandardEngine [DirectJDKLog.java:173] Starting Servlet engine: [Apache Tomcat/9.0.64]
2022-07-21 14:02:59,479 INFO [restartedMain] o.a.c.c.C.[.[.[/community] [DirectJDKLog.java:173] Initializing Spring embedded WebApplicationContext
2022-07-21 14:02:59,480 INFO [restartedMain] o.s.b.w.s.c.ServletWebServerApplicationContext [ServletWebServerApplicationContext.java:292] Root WebApplicationContext: initialization completed in 1750 ms
2022-07-21 14:02:59,767 INFO [restartedMain] o.a.c.c.StandardService [DirectJDKLog.java:173] Stopping service [Tomcat]
2022-07-21 14:02:59,815 INFO [restartedMain] o.s.b.a.l.ConditionEvaluationReportLoggingListener [ConditionEvaluationReportLoggingListener.java:136] 

Error starting ApplicationContext. To display the conditions report re-run your application with 'debug' enabled.
2022-07-21 14:03:07,846 INFO [main] c.n.c.MailTests [StartupInfoLogger.java:55] Starting MailTests using Java 1.8.0_291 on DESKTOP-KL5R4C4 with PID 1580 (started by Jieshi in C:\Users\Jieshi\Desktop\nowcoder\community)
2022-07-21 14:03:07,852 INFO [main] c.n.c.MailTests [SpringApplication.java:634] No active profile set, falling back to 1 default profile: "default"
2022-07-21 14:03:15,717 INFO [main] o.s.b.a.w.s.WelcomePageHandlerMapping [WelcomePageHandlerMapping.java:57] Adding welcome page template: index
2022-07-21 14:03:17,857 INFO [main] c.n.c.MailTests [StartupInfoLogger.java:61] Started MailTests in 12.484 seconds (JVM running for 17.324)
2022-07-21 14:05:00,023 INFO [restartedMain] c.n.c.CommunityApplication [StartupInfoLogger.java:55] Starting CommunityApplication using Java 1.8.0_291 on DESKTOP-KL5R4C4 with PID 2924 (C:\Users\Jieshi\Desktop\nowcoder\community\target\classes started by Jieshi in C:\Users\Jieshi\Desktop\nowcoder\community)
2022-07-21 14:05:00,024 INFO [restartedMain] c.n.c.CommunityApplication [SpringApplication.java:634] No active profile set, falling back to 1 default profile: "default"
2022-07-21 14:05:01,492 INFO [restartedMain] o.s.b.w.e.t.TomcatWebServer [TomcatWebServer.java:108] Tomcat initialized with port(s): 8080 (http)
2022-07-21 14:05:01,494 INFO [restartedMain] o.a.c.h.Http11NioProtocol [DirectJDKLog.java:173] Initializing ProtocolHandler ["http-nio-8080"]
2022-07-21 14:05:01,496 INFO [restartedMain] o.a.c.c.StandardService [DirectJDKLog.java:173] Starting service [Tomcat]
2022-07-21 14:05:01,496 INFO [restartedMain] o.a.c.c.StandardEngine [DirectJDKLog.java:173] Starting Servlet engine: [Apache Tomcat/9.0.64]
2022-07-21 14:05:01,574 INFO [restartedMain] o.a.c.c.C.[.[.[/community] [DirectJDKLog.java:173] Initializing Spring embedded WebApplicationContext
2022-07-21 14:05:01,576 INFO [restartedMain] o.s.b.w.s.c.ServletWebServerApplicationContext [ServletWebServerApplicationContext.java:292] Root WebApplicationContext: initialization completed in 1543 ms
2022-07-21 14:05:01,839 INFO [restartedMain] o.a.c.c.StandardService [DirectJDKLog.java:173] Stopping service [Tomcat]
2022-07-21 14:05:01,855 INFO [restartedMain] o.s.b.a.l.ConditionEvaluationReportLoggingListener [ConditionEvaluationReportLoggingListener.java:136] 

Error starting ApplicationContext. To display the conditions report re-run your application with 'debug' enabled.
2022-07-21 14:05:08,553 INFO [main] c.n.c.MailTests [StartupInfoLogger.java:55] Starting MailTests using Java 1.8.0_291 on DESKTOP-KL5R4C4 with PID 10048 (started by Jieshi in C:\Users\Jieshi\Desktop\nowcoder\community)
2022-07-21 14:05:08,558 INFO [main] c.n.c.MailTests [SpringApplication.java:634] No active profile set, falling back to 1 default profile: "default"
2022-07-21 14:05:16,712 INFO [main] o.s.b.a.w.s.WelcomePageHandlerMapping [WelcomePageHandlerMapping.java:57] Adding welcome page template: index
2022-07-21 14:05:18,744 INFO [main] c.n.c.MailTests [StartupInfoLogger.java:61] Started MailTests in 12.728 seconds (JVM running for 17.7)
2022-07-21 14:06:00,151 INFO [restartedMain] c.n.c.CommunityApplication [StartupInfoLogger.java:55] Starting CommunityApplication using Java 1.8.0_291 on DESKTOP-KL5R4C4 with PID 2924 (C:\Users\Jieshi\Desktop\nowcoder\community\target\classes started by Jieshi in C:\Users\Jieshi\Desktop\nowcoder\community)
2022-07-21 14:06:00,152 INFO [restartedMain] c.n.c.CommunityApplication [SpringApplication.java:634] No active profile set, falling back to 1 default profile: "default"
2022-07-21 14:06:01,369 INFO [restartedMain] o.s.b.w.e.t.TomcatWebServer [TomcatWebServer.java:108] Tomcat initialized with port(s): 8080 (http)
2022-07-21 14:06:01,371 INFO [restartedMain] o.a.c.h.Http11NioProtocol [DirectJDKLog.java:173] Initializing ProtocolHandler ["http-nio-8080"]
2022-07-21 14:06:01,372 INFO [restartedMain] o.a.c.c.StandardService [DirectJDKLog.java:173] Starting service [Tomcat]
2022-07-21 14:06:01,373 INFO [restartedMain] o.a.c.c.StandardEngine [DirectJDKLog.java:173] Starting Servlet engine: [Apache Tomcat/9.0.64]
2022-07-21 14:06:01,425 INFO [restartedMain] o.a.c.c.C.[.[.[/community] [DirectJDKLog.java:173] Initializing Spring embedded WebApplicationContext
2022-07-21 14:06:01,425 INFO [restartedMain] o.s.b.w.s.c.ServletWebServerApplicationContext [ServletWebServerApplicationContext.java:292] Root WebApplicationContext: initialization completed in 1268 ms
2022-07-21 14:06:01,559 INFO [restartedMain] o.a.c.c.StandardService [DirectJDKLog.java:173] Stopping service [Tomcat]
2022-07-21 14:06:01,575 INFO [restartedMain] o.s.b.a.l.ConditionEvaluationReportLoggingListener [ConditionEvaluationReportLoggingListener.java:136] 

Error starting ApplicationContext. To display the conditions report re-run your application with 'debug' enabled.
2022-07-21 14:06:12,503 INFO [main] c.n.c.MailTests [StartupInfoLogger.java:55] Starting MailTests using Java 1.8.0_291 on DESKTOP-KL5R4C4 with PID 8264 (started by Jieshi in C:\Users\Jieshi\Desktop\nowcoder\community)
2022-07-21 14:06:12,510 INFO [main] c.n.c.MailTests [SpringApplication.java:634] No active profile set, falling back to 1 default profile: "default"
2022-07-21 14:06:21,608 INFO [main] o.s.b.a.w.s.WelcomePageHandlerMapping [WelcomePageHandlerMapping.java:57] Adding welcome page template: index
2022-07-21 14:06:23,995 INFO [main] c.n.c.MailTests [StartupInfoLogger.java:61] Started MailTests in 14.269 seconds (JVM running for 19.292)
2022-07-21 14:09:41,619 INFO [restartedMain] c.n.c.CommunityApplication [StartupInfoLogger.java:55] Starting CommunityApplication using Java 1.8.0_291 on DESKTOP-KL5R4C4 with PID 2924 (C:\Users\Jieshi\Desktop\nowcoder\community\target\classes started by Jieshi in C:\Users\Jieshi\Desktop\nowcoder\community)
2022-07-21 14:09:41,620 INFO [restartedMain] c.n.c.CommunityApplication [SpringApplication.java:634] No active profile set, falling back to 1 default profile: "default"
2022-07-21 14:09:42,903 INFO [restartedMain] o.s.b.w.e.t.TomcatWebServer [TomcatWebServer.java:108] Tomcat initialized with port(s): 8080 (http)
2022-07-21 14:09:42,905 INFO [restartedMain] o.a.c.h.Http11NioProtocol [DirectJDKLog.java:173] Initializing ProtocolHandler ["http-nio-8080"]
2022-07-21 14:09:42,906 INFO [restartedMain] o.a.c.c.StandardService [DirectJDKLog.java:173] Starting service [Tomcat]
2022-07-21 14:09:42,907 INFO [restartedMain] o.a.c.c.StandardEngine [DirectJDKLog.java:173] Starting Servlet engine: [Apache Tomcat/9.0.64]
2022-07-21 14:09:43,200 INFO [restartedMain] o.a.c.c.C.[.[.[/community] [DirectJDKLog.java:173] Initializing Spring embedded WebApplicationContext
2022-07-21 14:09:43,201 INFO [restartedMain] o.s.b.w.s.c.ServletWebServerApplicationContext [ServletWebServerApplicationContext.java:292] Root WebApplicationContext: initialization completed in 1574 ms
2022-07-21 14:09:43,513 INFO [restartedMain] o.a.c.c.StandardService [DirectJDKLog.java:173] Stopping service [Tomcat]
2022-07-21 14:09:43,526 INFO [restartedMain] o.s.b.a.l.ConditionEvaluationReportLoggingListener [ConditionEvaluationReportLoggingListener.java:136] 

Error starting ApplicationContext. To display the conditions report re-run your application with 'debug' enabled.
2022-07-21 14:09:51,607 INFO [main] c.n.c.MailTests [StartupInfoLogger.java:55] Starting MailTests using Java 1.8.0_291 on DESKTOP-KL5R4C4 with PID 6488 (started by Jieshi in C:\Users\Jieshi\Desktop\nowcoder\community)
2022-07-21 14:09:51,612 INFO [main] c.n.c.MailTests [SpringApplication.java:634] No active profile set, falling back to 1 default profile: "default"
2022-07-21 14:10:00,900 INFO [main] o.s.b.a.w.s.WelcomePageHandlerMapping [WelcomePageHandlerMapping.java:57] Adding welcome page template: index
2022-07-21 14:10:03,405 INFO [main] c.n.c.MailTests [StartupInfoLogger.java:61] Started MailTests in 14.592 seconds (JVM running for 19.822)
2022-07-21 14:10:33,169 INFO [main] c.n.c.MailTests [StartupInfoLogger.java:55] Starting MailTests using Java 1.8.0_291 on DESKTOP-KL5R4C4 with PID 1464 (started by Jieshi in C:\Users\Jieshi\Desktop\nowcoder\community)
2022-07-21 14:10:33,175 INFO [main] c.n.c.MailTests [SpringApplication.java:634] No active profile set, falling back to 1 default profile: "default"
2022-07-21 14:10:44,681 INFO [main] o.s.b.a.w.s.WelcomePageHandlerMapping [WelcomePageHandlerMapping.java:57] Adding welcome page template: index
2022-07-21 14:10:47,319 INFO [main] c.n.c.MailTests [StartupInfoLogger.java:61] Started MailTests in 16.848 seconds (JVM running for 21.786)
2022-07-21 14:14:35,136 INFO [main] c.n.c.MailTests [StartupInfoLogger.java:55] Starting MailTests using Java 1.8.0_291 on DESKTOP-KL5R4C4 with PID 10924 (started by Jieshi in C:\Users\Jieshi\Desktop\nowcoder\community)
2022-07-21 14:14:35,141 INFO [main] c.n.c.MailTests [SpringApplication.java:634] No active profile set, falling back to 1 default profile: "default"
2022-07-21 14:14:46,333 INFO [main] o.s.b.a.w.s.WelcomePageHandlerMapping [WelcomePageHandlerMapping.java:57] Adding welcome page template: index
2022-07-21 14:14:49,469 INFO [main] c.n.c.MailTests [StartupInfoLogger.java:61] Started MailTests in 17.465 seconds (JVM running for 22.567)
2022-07-21 14:16:10,695 INFO [restartedMain] c.n.c.CommunityApplication [StartupInfoLogger.java:55] Starting CommunityApplication using Java 1.8.0_291 on DESKTOP-KL5R4C4 with PID 2924 (C:\Users\Jieshi\Desktop\nowcoder\community\target\classes started by Jieshi in C:\Users\Jieshi\Desktop\nowcoder\community)
2022-07-21 14:16:10,696 INFO [restartedMain] c.n.c.CommunityApplication [SpringApplication.java:634] No active profile set, falling back to 1 default profile: "default"
2022-07-21 14:16:12,091 INFO [restartedMain] o.s.b.w.e.t.TomcatWebServer [TomcatWebServer.java:108] Tomcat initialized with port(s): 8080 (http)
2022-07-21 14:16:12,093 INFO [restartedMain] o.a.c.h.Http11NioProtocol [DirectJDKLog.java:173] Initializing ProtocolHandler ["http-nio-8080"]
2022-07-21 14:16:12,095 INFO [restartedMain] o.a.c.c.StandardService [DirectJDKLog.java:173] Starting service [Tomcat]
2022-07-21 14:16:12,095 INFO [restartedMain] o.a.c.c.StandardEngine [DirectJDKLog.java:173] Starting Servlet engine: [Apache Tomcat/9.0.64]
2022-07-21 14:16:12,174 INFO [restartedMain] o.a.c.c.C.[.[.[/community] [DirectJDKLog.java:173] Initializing Spring embedded WebApplicationContext
2022-07-21 14:16:12,174 INFO [restartedMain] o.s.b.w.s.c.ServletWebServerApplicationContext [ServletWebServerApplicationContext.java:292] Root WebApplicationContext: initialization completed in 1471 ms
2022-07-21 14:16:12,520 INFO [restartedMain] o.s.b.a.w.s.WelcomePageHandlerMapping [WelcomePageHandlerMapping.java:57] Adding welcome page template: index
2022-07-21 14:16:12,922 INFO [restartedMain] o.s.b.d.a.OptionalLiveReloadServer [OptionalLiveReloadServer.java:58] LiveReload server is running on port 35729
2022-07-21 14:16:12,949 INFO [restartedMain] o.a.c.h.Http11NioProtocol [DirectJDKLog.java:173] Starting ProtocolHandler ["http-nio-8080"]
2022-07-21 14:16:12,956 INFO [restartedMain] o.s.b.w.e.t.TomcatWebServer [TomcatWebServer.java:220] Tomcat started on port(s): 8080 (http) with context path '/community'
2022-07-21 14:16:12,968 INFO [restartedMain] c.n.c.CommunityApplication [StartupInfoLogger.java:61] Started CommunityApplication in 2.401 seconds (JVM running for 9946.615)
2022-07-21 14:16:12,973 INFO [restartedMain] o.s.b.d.a.ConditionEvaluationDeltaLoggingListener [ConditionEvaluationDeltaLoggingListener.java:63] Condition evaluation unchanged
2022-07-21 14:16:18,226 INFO [restartedMain] c.n.c.CommunityApplication [StartupInfoLogger.java:55] Starting CommunityApplication using Java 1.8.0_291 on DESKTOP-KL5R4C4 with PID 2924 (C:\Users\Jieshi\Desktop\nowcoder\community\target\classes started by Jieshi in C:\Users\Jieshi\Desktop\nowcoder\community)
2022-07-21 14:16:18,228 INFO [restartedMain] c.n.c.CommunityApplication [SpringApplication.java:634] No active profile set, falling back to 1 default profile: "default"
2022-07-21 14:16:19,658 INFO [restartedMain] o.s.b.w.e.t.TomcatWebServer [TomcatWebServer.java:108] Tomcat initialized with port(s): 8080 (http)
2022-07-21 14:16:19,711 INFO [restartedMain] o.a.c.h.Http11NioProtocol [DirectJDKLog.java:173] Initializing ProtocolHandler ["http-nio-8080"]
2022-07-21 14:16:19,720 INFO [restartedMain] o.a.c.c.StandardService [DirectJDKLog.java:173] Starting service [Tomcat]
2022-07-21 14:16:19,721 INFO [restartedMain] o.a.c.c.StandardEngine [DirectJDKLog.java:173] Starting Servlet engine: [Apache Tomcat/9.0.64]
2022-07-21 14:16:19,938 INFO [restartedMain] o.a.c.c.C.[.[.[/community] [DirectJDKLog.java:173] Initializing Spring embedded WebApplicationContext
2022-07-21 14:16:19,939 INFO [restartedMain] o.s.b.w.s.c.ServletWebServerApplicationContext [ServletWebServerApplicationContext.java:292] Root WebApplicationContext: initialization completed in 1702 ms
2022-07-21 14:16:20,125 INFO [restartedMain] o.a.c.c.StandardService [DirectJDKLog.java:173] Stopping service [Tomcat]
2022-07-21 14:16:20,142 INFO [restartedMain] o.s.b.a.l.ConditionEvaluationReportLoggingListener [ConditionEvaluationReportLoggingListener.java:136] 

Error starting ApplicationContext. To display the conditions report re-run your application with 'debug' enabled.
2022-07-21 14:16:24,276 INFO [main] c.n.c.MailTests [StartupInfoLogger.java:55] Starting MailTests using Java 1.8.0_291 on DESKTOP-KL5R4C4 with PID 10744 (started by Jieshi in C:\Users\Jieshi\Desktop\nowcoder\community)
2022-07-21 14:16:24,282 INFO [main] c.n.c.MailTests [SpringApplication.java:634] No active profile set, falling back to 1 default profile: "default"
2022-07-21 14:16:36,198 INFO [main] o.s.b.a.w.s.WelcomePageHandlerMapping [WelcomePageHandlerMapping.java:57] Adding welcome page template: index
2022-07-21 14:16:39,737 INFO [main] c.n.c.MailTests [StartupInfoLogger.java:61] Started MailTests in 19.458 seconds (JVM running for 25.696)
2022-07-21 14:28:13,603 INFO [restartedMain] c.n.c.CommunityApplication [StartupInfoLogger.java:55] Starting CommunityApplication using Java 1.8.0_291 on DESKTOP-KL5R4C4 with PID 2924 (C:\Users\Jieshi\Desktop\nowcoder\community\target\classes started by Jieshi in C:\Users\Jieshi\Desktop\nowcoder\community)
2022-07-21 14:28:13,604 INFO [restartedMain] c.n.c.CommunityApplication [SpringApplication.java:634] No active profile set, falling back to 1 default profile: "default"
2022-07-21 14:28:15,187 INFO [restartedMain] o.s.b.w.e.t.TomcatWebServer [TomcatWebServer.java:108] Tomcat initialized with port(s): 8080 (http)
2022-07-21 14:28:15,188 INFO [restartedMain] o.a.c.h.Http11NioProtocol [DirectJDKLog.java:173] Initializing ProtocolHandler ["http-nio-8080"]
2022-07-21 14:28:15,189 INFO [restartedMain] o.a.c.c.StandardService [DirectJDKLog.java:173] Starting service [Tomcat]
2022-07-21 14:28:15,190 INFO [restartedMain] o.a.c.c.StandardEngine [DirectJDKLog.java:173] Starting Servlet engine: [Apache Tomcat/9.0.64]
2022-07-21 14:28:15,305 INFO [restartedMain] o.a.c.c.C.[.[.[/community] [DirectJDKLog.java:173] Initializing Spring embedded WebApplicationContext
2022-07-21 14:28:15,305 INFO [restartedMain] o.s.b.w.s.c.ServletWebServerApplicationContext [ServletWebServerApplicationContext.java:292] Root WebApplicationContext: initialization completed in 1688 ms
2022-07-21 14:28:15,739 INFO [restartedMain] o.a.c.c.StandardService [DirectJDKLog.java:173] Stopping service [Tomcat]
2022-07-21 14:28:15,792 INFO [restartedMain] o.s.b.a.l.ConditionEvaluationReportLoggingListener [ConditionEvaluationReportLoggingListener.java:136] 

Error starting ApplicationContext. To display the conditions report re-run your application with 'debug' enabled.
2022-07-21 14:28:31,131 INFO [main] c.n.c.MailTests [StartupInfoLogger.java:55] Starting MailTests using Java 1.8.0_291 on DESKTOP-KL5R4C4 with PID 10932 (started by Jieshi in C:\Users\Jieshi\Desktop\nowcoder\community)
2022-07-21 14:28:31,137 INFO [main] c.n.c.MailTests [SpringApplication.java:634] No active profile set, falling back to 1 default profile: "default"
2022-07-21 14:28:42,817 INFO [main] o.s.b.a.w.s.WelcomePageHandlerMapping [WelcomePageHandlerMapping.java:57] Adding welcome page template: index
2022-07-21 14:28:46,579 INFO [main] c.n.c.MailTests [StartupInfoLogger.java:61] Started MailTests in 18.984 seconds (JVM running for 25.548)
2022-07-21 14:29:49,647 INFO [main] c.n.c.MailTests [StartupInfoLogger.java:55] Starting MailTests using Java 1.8.0_291 on DESKTOP-KL5R4C4 with PID 11204 (started by Jieshi in C:\Users\Jieshi\Desktop\nowcoder\community)
2022-07-21 14:29:49,650 INFO [main] c.n.c.MailTests [SpringApplication.java:634] No active profile set, falling back to 1 default profile: "default"
2022-07-21 14:29:58,582 INFO [main] o.s.b.a.w.s.WelcomePageHandlerMapping [WelcomePageHandlerMapping.java:57] Adding welcome page template: index
2022-07-21 14:30:01,401 INFO [main] c.n.c.MailTests [StartupInfoLogger.java:61] Started MailTests in 14.428 seconds (JVM running for 19.398)
2022-07-21 14:31:03,992 INFO [main] c.n.c.MailTests [StartupInfoLogger.java:55] Starting MailTests using Java 1.8.0_291 on DESKTOP-KL5R4C4 with PID 3348 (started by Jieshi in C:\Users\Jieshi\Desktop\nowcoder\community)
2022-07-21 14:31:03,997 INFO [main] c.n.c.MailTests [SpringApplication.java:634] No active profile set, falling back to 1 default profile: "default"
2022-07-21 14:31:13,452 INFO [main] o.s.b.a.w.s.WelcomePageHandlerMapping [WelcomePageHandlerMapping.java:57] Adding welcome page template: index
2022-07-21 14:31:16,389 INFO [main] c.n.c.MailTests [StartupInfoLogger.java:61] Started MailTests in 15.069 seconds (JVM running for 19.941)
2022-07-21 14:33:20,997 INFO [main] c.n.c.MailTests [StartupInfoLogger.java:55] Starting MailTests using Java 1.8.0_291 on DESKTOP-KL5R4C4 with PID 3984 (started by Jieshi in C:\Users\Jieshi\Desktop\nowcoder\community)
2022-07-21 14:33:21,004 INFO [main] c.n.c.MailTests [SpringApplication.java:634] No active profile set, falling back to 1 default profile: "default"
2022-07-21 14:33:31,440 INFO [main] o.s.b.a.w.s.WelcomePageHandlerMapping [WelcomePageHandlerMapping.java:57] Adding welcome page template: index
2022-07-21 14:33:34,761 INFO [main] c.n.c.MailTests [StartupInfoLogger.java:61] Started MailTests in 17.003 seconds (JVM running for 22.235)
2022-07-21 15:00:03,876 INFO [main] c.n.c.MailTests [StartupInfoLogger.java:55] Starting MailTests using Java 1.8.0_291 on DESKTOP-KL5R4C4 with PID 7028 (started by Jieshi in C:\Users\Jieshi\Desktop\nowcoder\community)
2022-07-21 15:00:03,879 INFO [main] c.n.c.MailTests [SpringApplication.java:634] No active profile set, falling back to 1 default profile: "default"
2022-07-21 15:00:17,566 INFO [main] o.s.b.a.w.s.WelcomePageHandlerMapping [WelcomePageHandlerMapping.java:57] Adding welcome page template: index
2022-07-21 15:00:22,307 INFO [main] c.n.c.MailTests [StartupInfoLogger.java:61] Started MailTests in 21.084 seconds (JVM running for 27.241)
2022-07-21 15:53:30,633 INFO [restartedMain] c.n.c.CommunityApplication [StartupInfoLogger.java:55] Starting CommunityApplication using Java 1.8.0_291 on DESKTOP-KL5R4C4 with PID 6184 (C:\Users\Jieshi\Desktop\nowcoder\community\target\classes started by Jieshi in C:\Users\Jieshi\Desktop\nowcoder\community)
2022-07-21 15:53:30,642 INFO [restartedMain] c.n.c.CommunityApplication [SpringApplication.java:634] No active profile set, falling back to 1 default profile: "default"
2022-07-21 15:53:30,810 INFO [restartedMain] o.s.b.d.e.DevToolsPropertyDefaultsPostProcessor [DeferredLog.java:255] Devtools property defaults active! Set 'spring.devtools.add-properties' to 'false' to disable
2022-07-21 15:53:30,810 INFO [restartedMain] o.s.b.d.e.DevToolsPropertyDefaultsPostProcessor [DeferredLog.java:255] For additional web related logging consider setting the 'logging.level.web' property to 'DEBUG'
2022-07-21 15:53:34,409 INFO [restartedMain] o.s.b.w.e.t.TomcatWebServer [TomcatWebServer.java:108] Tomcat initialized with port(s): 8080 (http)
2022-07-21 15:53:34,432 INFO [restartedMain] o.a.c.h.Http11NioProtocol [DirectJDKLog.java:173] Initializing ProtocolHandler ["http-nio-8080"]
2022-07-21 15:53:34,435 INFO [restartedMain] o.a.c.c.StandardService [DirectJDKLog.java:173] Starting service [Tomcat]
2022-07-21 15:53:34,436 INFO [restartedMain] o.a.c.c.StandardEngine [DirectJDKLog.java:173] Starting Servlet engine: [Apache Tomcat/9.0.64]
2022-07-21 15:53:34,760 INFO [restartedMain] o.a.c.c.C.[.[.[/community] [DirectJDKLog.java:173] Initializing Spring embedded WebApplicationContext
2022-07-21 15:53:34,762 INFO [restartedMain] o.s.b.w.s.c.ServletWebServerApplicationContext [ServletWebServerApplicationContext.java:292] Root WebApplicationContext: initialization completed in 3950 ms
2022-07-21 15:53:36,622 INFO [restartedMain] o.s.b.a.w.s.WelcomePageHandlerMapping [WelcomePageHandlerMapping.java:57] Adding welcome page template: index
2022-07-21 15:53:37,236 INFO [restartedMain] o.s.b.d.a.OptionalLiveReloadServer [OptionalLiveReloadServer.java:58] LiveReload server is running on port 35729
2022-07-21 15:53:37,274 INFO [restartedMain] o.a.c.h.Http11NioProtocol [DirectJDKLog.java:173] Starting ProtocolHandler ["http-nio-8080"]
2022-07-21 15:53:37,315 INFO [restartedMain] o.s.b.w.e.t.TomcatWebServer [TomcatWebServer.java:220] Tomcat started on port(s): 8080 (http) with context path '/community'
2022-07-21 15:53:37,354 INFO [restartedMain] c.n.c.CommunityApplication [StartupInfoLogger.java:61] Started CommunityApplication in 8.504 seconds (JVM running for 18.177)
2022-07-21 15:53:37,594 INFO [http-nio-8080-exec-1] o.a.c.c.C.[.[.[/community] [DirectJDKLog.java:173] Initializing Spring DispatcherServlet 'dispatcherServlet'
2022-07-21 15:53:37,595 INFO [http-nio-8080-exec-1] o.s.w.s.DispatcherServlet [FrameworkServlet.java:525] Initializing Servlet 'dispatcherServlet'
2022-07-21 15:53:37,598 INFO [http-nio-8080-exec-1] o.s.w.s.DispatcherServlet [FrameworkServlet.java:547] Completed initialization in 2 ms
2022-07-21 15:53:37,798 INFO [http-nio-8080-exec-1] c.z.h.HikariDataSource [HikariDataSource.java:110] HikariPool-1 - Starting...
2022-07-21 15:53:38,247 INFO [http-nio-8080-exec-1] c.z.h.HikariDataSource [HikariDataSource.java:123] HikariPool-1 - Start completed.
2022-07-21 18:30:09,872 INFO [SpringApplicationShutdownHook] c.z.h.HikariDataSource [HikariDataSource.java:350] HikariPool-1 - Shutdown initiated...
2022-07-21 18:30:09,880 INFO [SpringApplicationShutdownHook] c.z.h.HikariDataSource [HikariDataSource.java:352] HikariPool-1 - Shutdown completed.
