2022-08-11 17:29:53,837 INFO [restartedMain] c.n.c.CommunityApplication [StartupInfoLogger.java:55] Starting CommunityApplication using Java 1.8.0_291 on DESKTOP-KL5R4C4 with PID 6528 (C:\Users\Jieshi\Desktop\nowcoder\community\target\classes started by Jieshi in C:\Users\Jieshi\Desktop\nowcoder\community)
2022-08-11 17:29:53,856 INFO [restartedMain] c.n.c.CommunityApplication [SpringApplication.java:634] No active profile set, falling back to 1 default profile: "default"
2022-08-11 17:29:54,070 INFO [restartedMain] o.s.b.d.e.DevToolsPropertyDefaultsPostProcessor [DeferredLog.java:255] Devtools property defaults active! Set 'spring.devtools.add-properties' to 'false' to disable
2022-08-11 17:29:54,071 INFO [restartedMain] o.s.b.d.e.DevToolsPropertyDefaultsPostProcessor [DeferredLog.java:255] For additional web related logging consider setting the 'logging.level.web' property to 'DEBUG'
2022-08-11 17:29:56,805 INFO [restartedMain] o.s.b.w.e.t.TomcatWebServer [TomcatWebServer.java:108] Tomcat initialized with port(s): 8080 (http)
2022-08-11 17:29:56,826 INFO [restartedMain] o.a.c.h.Http11NioProtocol [DirectJDKLog.java:173] Initializing ProtocolHandler ["http-nio-8080"]
2022-08-11 17:29:56,827 INFO [restartedMain] o.a.c.c.StandardService [DirectJDKLog.java:173] Starting service [Tomcat]
2022-08-11 17:29:56,827 INFO [restartedMain] o.a.c.c.StandardEngine [DirectJDKLog.java:173] Starting Servlet engine: [Apache Tomcat/9.0.64]
2022-08-11 17:29:57,060 INFO [restartedMain] o.a.c.c.C.[.[.[/community] [DirectJDKLog.java:173] Initializing Spring embedded WebApplicationContext
2022-08-11 17:29:57,062 INFO [restartedMain] o.s.b.w.s.c.ServletWebServerApplicationContext [ServletWebServerApplicationContext.java:292] Root WebApplicationContext: initialization completed in 2988 ms
2022-08-11 17:29:58,234 INFO [restartedMain] o.s.b.a.w.s.WelcomePageHandlerMapping [WelcomePageHandlerMapping.java:57] Adding welcome page template: index
2022-08-11 17:29:58,631 INFO [restartedMain] o.s.b.d.a.OptionalLiveReloadServer [OptionalLiveReloadServer.java:58] LiveReload server is running on port 35729
2022-08-11 17:29:58,661 INFO [restartedMain] o.a.c.h.Http11NioProtocol [DirectJDKLog.java:173] Starting ProtocolHandler ["http-nio-8080"]
2022-08-11 17:29:58,697 INFO [restartedMain] o.s.b.w.e.t.TomcatWebServer [TomcatWebServer.java:220] Tomcat started on port(s): 8080 (http) with context path '/community'
2022-08-11 17:29:58,714 INFO [restartedMain] c.n.c.CommunityApplication [StartupInfoLogger.java:61] Started CommunityApplication in 6.688 seconds (JVM running for 11.634)
2022-08-11 17:32:34,908 INFO [http-nio-8080-exec-1] o.a.c.c.C.[.[.[/community] [DirectJDKLog.java:173] Initializing Spring DispatcherServlet 'dispatcherServlet'
2022-08-11 17:32:34,909 INFO [http-nio-8080-exec-1] o.s.w.s.DispatcherServlet [FrameworkServlet.java:525] Initializing Servlet 'dispatcherServlet'
2022-08-11 17:32:34,911 INFO [http-nio-8080-exec-1] o.s.w.s.DispatcherServlet [FrameworkServlet.java:547] Completed initialization in 1 ms
2022-08-11 17:32:35,059 INFO [http-nio-8080-exec-1] c.z.h.HikariDataSource [HikariDataSource.java:110] HikariPool-1 - Starting...
2022-08-11 17:32:35,344 INFO [http-nio-8080-exec-1] c.z.h.HikariDataSource [HikariDataSource.java:123] HikariPool-1 - Start completed.
